ARM GAS  /tmp/ccGwl3bN.s 			page 1


   1              		.cpu cortex-m4
   2              		.arch armv7e-m
   3              		.fpu fpv4-sp-d16
   4              		.eabi_attribute 27, 1
   5              		.eabi_attribute 28, 1
   6              		.eabi_attribute 20, 1
   7              		.eabi_attribute 21, 1
   8              		.eabi_attribute 23, 3
   9              		.eabi_attribute 24, 1
  10              		.eabi_attribute 25, 1
  11              		.eabi_attribute 26, 1
  12              		.eabi_attribute 30, 1
  13              		.eabi_attribute 34, 1
  14              		.eabi_attribute 18, 4
  15              		.file	"stm32f4xx_hal_msp.c"
  16              		.text
  17              	.Ltext0:
  18              		.cfi_sections	.debug_frame
  19              		.section	.text.HAL_MspInit,"ax",%progbits
  20              		.align	1
  21              		.global	HAL_MspInit
  22              		.syntax unified
  23              		.thumb
  24              		.thumb_func
  26              	HAL_MspInit:
  27              	.LFB130:
  28              		.file 1 "Src/stm32f4xx_hal_msp.c"
   1:Src/stm32f4xx_hal_msp.c **** /* USER CODE BEGIN Header */
   2:Src/stm32f4xx_hal_msp.c **** /**
   3:Src/stm32f4xx_hal_msp.c ****   ******************************************************************************
   4:Src/stm32f4xx_hal_msp.c ****   * @file         stm32f4xx_hal_msp.c
   5:Src/stm32f4xx_hal_msp.c ****   * @brief        This file provides code for the MSP Initialization
   6:Src/stm32f4xx_hal_msp.c ****   *               and de-Initialization codes.
   7:Src/stm32f4xx_hal_msp.c ****   ******************************************************************************
   8:Src/stm32f4xx_hal_msp.c ****   * @attention
   9:Src/stm32f4xx_hal_msp.c ****   *
  10:Src/stm32f4xx_hal_msp.c ****   * Copyright (c) 2022 STMicroelectronics.
  11:Src/stm32f4xx_hal_msp.c ****   * All rights reserved.
  12:Src/stm32f4xx_hal_msp.c ****   *
  13:Src/stm32f4xx_hal_msp.c ****   * This software is licensed under terms that can be found in the LICENSE file
  14:Src/stm32f4xx_hal_msp.c ****   * in the root directory of this software component.
  15:Src/stm32f4xx_hal_msp.c ****   * If no LICENSE file comes with this software, it is provided AS-IS.
  16:Src/stm32f4xx_hal_msp.c ****   *
  17:Src/stm32f4xx_hal_msp.c ****   ******************************************************************************
  18:Src/stm32f4xx_hal_msp.c ****   */
  19:Src/stm32f4xx_hal_msp.c **** /* USER CODE END Header */
  20:Src/stm32f4xx_hal_msp.c **** 
  21:Src/stm32f4xx_hal_msp.c **** /* Includes ------------------------------------------------------------------*/
  22:Src/stm32f4xx_hal_msp.c **** #include "main.h"
  23:Src/stm32f4xx_hal_msp.c **** /* USER CODE BEGIN Includes */
  24:Src/stm32f4xx_hal_msp.c **** 
  25:Src/stm32f4xx_hal_msp.c **** /* USER CODE END Includes */
  26:Src/stm32f4xx_hal_msp.c **** 
  27:Src/stm32f4xx_hal_msp.c **** /* Private typedef -----------------------------------------------------------*/
  28:Src/stm32f4xx_hal_msp.c **** /* USER CODE BEGIN TD */
  29:Src/stm32f4xx_hal_msp.c **** 
  30:Src/stm32f4xx_hal_msp.c **** /* USER CODE END TD */
ARM GAS  /tmp/ccGwl3bN.s 			page 2


  31:Src/stm32f4xx_hal_msp.c **** 
  32:Src/stm32f4xx_hal_msp.c **** /* Private define ------------------------------------------------------------*/
  33:Src/stm32f4xx_hal_msp.c **** /* USER CODE BEGIN Define */
  34:Src/stm32f4xx_hal_msp.c **** 
  35:Src/stm32f4xx_hal_msp.c **** /* USER CODE END Define */
  36:Src/stm32f4xx_hal_msp.c **** 
  37:Src/stm32f4xx_hal_msp.c **** /* Private macro -------------------------------------------------------------*/
  38:Src/stm32f4xx_hal_msp.c **** /* USER CODE BEGIN Macro */
  39:Src/stm32f4xx_hal_msp.c **** 
  40:Src/stm32f4xx_hal_msp.c **** /* USER CODE END Macro */
  41:Src/stm32f4xx_hal_msp.c **** 
  42:Src/stm32f4xx_hal_msp.c **** /* Private variables ---------------------------------------------------------*/
  43:Src/stm32f4xx_hal_msp.c **** /* USER CODE BEGIN PV */
  44:Src/stm32f4xx_hal_msp.c **** 
  45:Src/stm32f4xx_hal_msp.c **** /* USER CODE END PV */
  46:Src/stm32f4xx_hal_msp.c **** 
  47:Src/stm32f4xx_hal_msp.c **** /* Private function prototypes -----------------------------------------------*/
  48:Src/stm32f4xx_hal_msp.c **** /* USER CODE BEGIN PFP */
  49:Src/stm32f4xx_hal_msp.c **** 
  50:Src/stm32f4xx_hal_msp.c **** /* USER CODE END PFP */
  51:Src/stm32f4xx_hal_msp.c **** 
  52:Src/stm32f4xx_hal_msp.c **** /* External functions --------------------------------------------------------*/
  53:Src/stm32f4xx_hal_msp.c **** /* USER CODE BEGIN ExternalFunctions */
  54:Src/stm32f4xx_hal_msp.c **** 
  55:Src/stm32f4xx_hal_msp.c **** /* USER CODE END ExternalFunctions */
  56:Src/stm32f4xx_hal_msp.c **** 
  57:Src/stm32f4xx_hal_msp.c **** /* USER CODE BEGIN 0 */
  58:Src/stm32f4xx_hal_msp.c **** 
  59:Src/stm32f4xx_hal_msp.c **** /* USER CODE END 0 */
  60:Src/stm32f4xx_hal_msp.c **** /**
  61:Src/stm32f4xx_hal_msp.c ****   * Initializes the Global MSP.
  62:Src/stm32f4xx_hal_msp.c ****   */
  63:Src/stm32f4xx_hal_msp.c **** void HAL_MspInit(void)
  64:Src/stm32f4xx_hal_msp.c **** {
  29              		.loc 1 64 1 view -0
  30              		.cfi_startproc
  31              		@ args = 0, pretend = 0, frame = 8
  32              		@ frame_needed = 0, uses_anonymous_args = 0
  33 0000 00B5     		push	{lr}
  34              	.LCFI0:
  35              		.cfi_def_cfa_offset 4
  36              		.cfi_offset 14, -4
  37 0002 83B0     		sub	sp, sp, #12
  38              	.LCFI1:
  39              		.cfi_def_cfa_offset 16
  65:Src/stm32f4xx_hal_msp.c ****   /* USER CODE BEGIN MspInit 0 */
  66:Src/stm32f4xx_hal_msp.c **** 
  67:Src/stm32f4xx_hal_msp.c ****   /* USER CODE END MspInit 0 */
  68:Src/stm32f4xx_hal_msp.c **** 
  69:Src/stm32f4xx_hal_msp.c ****   __HAL_RCC_SYSCFG_CLK_ENABLE();
  40              		.loc 1 69 3 view .LVU1
  41              	.LBB2:
  42              		.loc 1 69 3 view .LVU2
  43 0004 0021     		movs	r1, #0
  44 0006 0091     		str	r1, [sp]
  45              		.loc 1 69 3 view .LVU3
  46 0008 0C4B     		ldr	r3, .L3
ARM GAS  /tmp/ccGwl3bN.s 			page 3


  47 000a 5A6C     		ldr	r2, [r3, #68]
  48 000c 42F48042 		orr	r2, r2, #16384
  49 0010 5A64     		str	r2, [r3, #68]
  50              		.loc 1 69 3 view .LVU4
  51 0012 5A6C     		ldr	r2, [r3, #68]
  52 0014 02F48042 		and	r2, r2, #16384
  53 0018 0092     		str	r2, [sp]
  54              		.loc 1 69 3 view .LVU5
  55 001a 009A     		ldr	r2, [sp]
  56              	.LBE2:
  57              		.loc 1 69 3 view .LVU6
  70:Src/stm32f4xx_hal_msp.c ****   __HAL_RCC_PWR_CLK_ENABLE();
  58              		.loc 1 70 3 view .LVU7
  59              	.LBB3:
  60              		.loc 1 70 3 view .LVU8
  61 001c 0191     		str	r1, [sp, #4]
  62              		.loc 1 70 3 view .LVU9
  63 001e 1A6C     		ldr	r2, [r3, #64]
  64 0020 42F08052 		orr	r2, r2, #268435456
  65 0024 1A64     		str	r2, [r3, #64]
  66              		.loc 1 70 3 view .LVU10
  67 0026 1B6C     		ldr	r3, [r3, #64]
  68 0028 03F08053 		and	r3, r3, #268435456
  69 002c 0193     		str	r3, [sp, #4]
  70              		.loc 1 70 3 view .LVU11
  71 002e 019B     		ldr	r3, [sp, #4]
  72              	.LBE3:
  73              		.loc 1 70 3 view .LVU12
  71:Src/stm32f4xx_hal_msp.c **** 
  72:Src/stm32f4xx_hal_msp.c ****   HAL_NVIC_SetPriorityGrouping(NVIC_PRIORITYGROUP_0);
  74              		.loc 1 72 3 view .LVU13
  75 0030 0720     		movs	r0, #7
  76 0032 FFF7FEFF 		bl	HAL_NVIC_SetPriorityGrouping
  77              	.LVL0:
  73:Src/stm32f4xx_hal_msp.c **** 
  74:Src/stm32f4xx_hal_msp.c ****   /* System interrupt init*/
  75:Src/stm32f4xx_hal_msp.c **** 
  76:Src/stm32f4xx_hal_msp.c ****   /* USER CODE BEGIN MspInit 1 */
  77:Src/stm32f4xx_hal_msp.c **** 
  78:Src/stm32f4xx_hal_msp.c ****   /* USER CODE END MspInit 1 */
  79:Src/stm32f4xx_hal_msp.c **** }
  78              		.loc 1 79 1 is_stmt 0 view .LVU14
  79 0036 03B0     		add	sp, sp, #12
  80              	.LCFI2:
  81              		.cfi_def_cfa_offset 4
  82              		@ sp needed
  83 0038 5DF804FB 		ldr	pc, [sp], #4
  84              	.L4:
  85              		.align	2
  86              	.L3:
  87 003c 00380240 		.word	1073887232
  88              		.cfi_endproc
  89              	.LFE130:
  91              		.section	.text.HAL_UART_MspInit,"ax",%progbits
  92              		.align	1
  93              		.global	HAL_UART_MspInit
  94              		.syntax unified
ARM GAS  /tmp/ccGwl3bN.s 			page 4


  95              		.thumb
  96              		.thumb_func
  98              	HAL_UART_MspInit:
  99              	.LVL1:
 100              	.LFB131:
  80:Src/stm32f4xx_hal_msp.c **** 
  81:Src/stm32f4xx_hal_msp.c **** /**
  82:Src/stm32f4xx_hal_msp.c **** * @brief UART MSP Initialization
  83:Src/stm32f4xx_hal_msp.c **** * This function configures the hardware resources used in this example
  84:Src/stm32f4xx_hal_msp.c **** * @param huart: UART handle pointer
  85:Src/stm32f4xx_hal_msp.c **** * @retval None
  86:Src/stm32f4xx_hal_msp.c **** */
  87:Src/stm32f4xx_hal_msp.c **** void HAL_UART_MspInit(UART_HandleTypeDef* huart)
  88:Src/stm32f4xx_hal_msp.c **** {
 101              		.loc 1 88 1 is_stmt 1 view -0
 102              		.cfi_startproc
 103              		@ args = 0, pretend = 0, frame = 32
 104              		@ frame_needed = 0, uses_anonymous_args = 0
 105              		.loc 1 88 1 is_stmt 0 view .LVU16
 106 0000 00B5     		push	{lr}
 107              	.LCFI3:
 108              		.cfi_def_cfa_offset 4
 109              		.cfi_offset 14, -4
 110 0002 89B0     		sub	sp, sp, #36
 111              	.LCFI4:
 112              		.cfi_def_cfa_offset 40
  89:Src/stm32f4xx_hal_msp.c ****   GPIO_InitTypeDef GPIO_InitStruct = {0};
 113              		.loc 1 89 3 is_stmt 1 view .LVU17
 114              		.loc 1 89 20 is_stmt 0 view .LVU18
 115 0004 0023     		movs	r3, #0
 116 0006 0393     		str	r3, [sp, #12]
 117 0008 0493     		str	r3, [sp, #16]
 118 000a 0593     		str	r3, [sp, #20]
 119 000c 0693     		str	r3, [sp, #24]
 120 000e 0793     		str	r3, [sp, #28]
  90:Src/stm32f4xx_hal_msp.c ****   if(huart->Instance==USART2)
 121              		.loc 1 90 3 is_stmt 1 view .LVU19
 122              		.loc 1 90 11 is_stmt 0 view .LVU20
 123 0010 0268     		ldr	r2, [r0]
 124              		.loc 1 90 5 view .LVU21
 125 0012 144B     		ldr	r3, .L9
 126 0014 9A42     		cmp	r2, r3
 127 0016 02D0     		beq	.L8
 128              	.LVL2:
 129              	.L5:
  91:Src/stm32f4xx_hal_msp.c ****   {
  92:Src/stm32f4xx_hal_msp.c ****   /* USER CODE BEGIN USART2_MspInit 0 */
  93:Src/stm32f4xx_hal_msp.c **** 
  94:Src/stm32f4xx_hal_msp.c ****   /* USER CODE END USART2_MspInit 0 */
  95:Src/stm32f4xx_hal_msp.c ****     /* Peripheral clock enable */
  96:Src/stm32f4xx_hal_msp.c ****     __HAL_RCC_USART2_CLK_ENABLE();
  97:Src/stm32f4xx_hal_msp.c **** 
  98:Src/stm32f4xx_hal_msp.c ****     __HAL_RCC_GPIOA_CLK_ENABLE();
  99:Src/stm32f4xx_hal_msp.c ****     /**USART2 GPIO Configuration
 100:Src/stm32f4xx_hal_msp.c ****     PA2     ------> USART2_TX
 101:Src/stm32f4xx_hal_msp.c ****     PA3     ------> USART2_RX
 102:Src/stm32f4xx_hal_msp.c ****     */
ARM GAS  /tmp/ccGwl3bN.s 			page 5


 103:Src/stm32f4xx_hal_msp.c ****     GPIO_InitStruct.Pin = USART_TX_Pin|USART_RX_Pin;
 104:Src/stm32f4xx_hal_msp.c ****     GPIO_InitStruct.Mode = GPIO_MODE_AF_PP;
 105:Src/stm32f4xx_hal_msp.c ****     GPIO_InitStruct.Pull = GPIO_NOPULL;
 106:Src/stm32f4xx_hal_msp.c ****     GPIO_InitStruct.Speed = GPIO_SPEED_FREQ_LOW;
 107:Src/stm32f4xx_hal_msp.c ****     GPIO_InitStruct.Alternate = GPIO_AF7_USART2;
 108:Src/stm32f4xx_hal_msp.c ****     HAL_GPIO_Init(GPIOA, &GPIO_InitStruct);
 109:Src/stm32f4xx_hal_msp.c **** 
 110:Src/stm32f4xx_hal_msp.c ****   /* USER CODE BEGIN USART2_MspInit 1 */
 111:Src/stm32f4xx_hal_msp.c **** 
 112:Src/stm32f4xx_hal_msp.c ****   /* USER CODE END USART2_MspInit 1 */
 113:Src/stm32f4xx_hal_msp.c ****   }
 114:Src/stm32f4xx_hal_msp.c **** 
 115:Src/stm32f4xx_hal_msp.c **** }
 130              		.loc 1 115 1 view .LVU22
 131 0018 09B0     		add	sp, sp, #36
 132              	.LCFI5:
 133              		.cfi_remember_state
 134              		.cfi_def_cfa_offset 4
 135              		@ sp needed
 136 001a 5DF804FB 		ldr	pc, [sp], #4
 137              	.LVL3:
 138              	.L8:
 139              	.LCFI6:
 140              		.cfi_restore_state
  96:Src/stm32f4xx_hal_msp.c **** 
 141              		.loc 1 96 5 is_stmt 1 view .LVU23
 142              	.LBB4:
  96:Src/stm32f4xx_hal_msp.c **** 
 143              		.loc 1 96 5 view .LVU24
 144 001e 0021     		movs	r1, #0
 145 0020 0191     		str	r1, [sp, #4]
  96:Src/stm32f4xx_hal_msp.c **** 
 146              		.loc 1 96 5 view .LVU25
 147 0022 03F5FA33 		add	r3, r3, #128000
 148 0026 1A6C     		ldr	r2, [r3, #64]
 149 0028 42F40032 		orr	r2, r2, #131072
 150 002c 1A64     		str	r2, [r3, #64]
  96:Src/stm32f4xx_hal_msp.c **** 
 151              		.loc 1 96 5 view .LVU26
 152 002e 1A6C     		ldr	r2, [r3, #64]
 153 0030 02F40032 		and	r2, r2, #131072
 154 0034 0192     		str	r2, [sp, #4]
  96:Src/stm32f4xx_hal_msp.c **** 
 155              		.loc 1 96 5 view .LVU27
 156 0036 019A     		ldr	r2, [sp, #4]
 157              	.LBE4:
  96:Src/stm32f4xx_hal_msp.c **** 
 158              		.loc 1 96 5 view .LVU28
  98:Src/stm32f4xx_hal_msp.c ****     /**USART2 GPIO Configuration
 159              		.loc 1 98 5 view .LVU29
 160              	.LBB5:
  98:Src/stm32f4xx_hal_msp.c ****     /**USART2 GPIO Configuration
 161              		.loc 1 98 5 view .LVU30
 162 0038 0291     		str	r1, [sp, #8]
  98:Src/stm32f4xx_hal_msp.c ****     /**USART2 GPIO Configuration
 163              		.loc 1 98 5 view .LVU31
 164 003a 1A6B     		ldr	r2, [r3, #48]
ARM GAS  /tmp/ccGwl3bN.s 			page 6


 165 003c 42F00102 		orr	r2, r2, #1
 166 0040 1A63     		str	r2, [r3, #48]
  98:Src/stm32f4xx_hal_msp.c ****     /**USART2 GPIO Configuration
 167              		.loc 1 98 5 view .LVU32
 168 0042 1B6B     		ldr	r3, [r3, #48]
 169 0044 03F00103 		and	r3, r3, #1
 170 0048 0293     		str	r3, [sp, #8]
  98:Src/stm32f4xx_hal_msp.c ****     /**USART2 GPIO Configuration
 171              		.loc 1 98 5 view .LVU33
 172 004a 029B     		ldr	r3, [sp, #8]
 173              	.LBE5:
  98:Src/stm32f4xx_hal_msp.c ****     /**USART2 GPIO Configuration
 174              		.loc 1 98 5 view .LVU34
 103:Src/stm32f4xx_hal_msp.c ****     GPIO_InitStruct.Mode = GPIO_MODE_AF_PP;
 175              		.loc 1 103 5 view .LVU35
 103:Src/stm32f4xx_hal_msp.c ****     GPIO_InitStruct.Mode = GPIO_MODE_AF_PP;
 176              		.loc 1 103 25 is_stmt 0 view .LVU36
 177 004c 0C23     		movs	r3, #12
 178 004e 0393     		str	r3, [sp, #12]
 104:Src/stm32f4xx_hal_msp.c ****     GPIO_InitStruct.Pull = GPIO_NOPULL;
 179              		.loc 1 104 5 is_stmt 1 view .LVU37
 104:Src/stm32f4xx_hal_msp.c ****     GPIO_InitStruct.Pull = GPIO_NOPULL;
 180              		.loc 1 104 26 is_stmt 0 view .LVU38
 181 0050 0223     		movs	r3, #2
 182 0052 0493     		str	r3, [sp, #16]
 105:Src/stm32f4xx_hal_msp.c ****     GPIO_InitStruct.Speed = GPIO_SPEED_FREQ_LOW;
 183              		.loc 1 105 5 is_stmt 1 view .LVU39
 106:Src/stm32f4xx_hal_msp.c ****     GPIO_InitStruct.Alternate = GPIO_AF7_USART2;
 184              		.loc 1 106 5 view .LVU40
 107:Src/stm32f4xx_hal_msp.c ****     HAL_GPIO_Init(GPIOA, &GPIO_InitStruct);
 185              		.loc 1 107 5 view .LVU41
 107:Src/stm32f4xx_hal_msp.c ****     HAL_GPIO_Init(GPIOA, &GPIO_InitStruct);
 186              		.loc 1 107 31 is_stmt 0 view .LVU42
 187 0054 0723     		movs	r3, #7
 188 0056 0793     		str	r3, [sp, #28]
 108:Src/stm32f4xx_hal_msp.c **** 
 189              		.loc 1 108 5 is_stmt 1 view .LVU43
 190 0058 03A9     		add	r1, sp, #12
 191 005a 0348     		ldr	r0, .L9+4
 192              	.LVL4:
 108:Src/stm32f4xx_hal_msp.c **** 
 193              		.loc 1 108 5 is_stmt 0 view .LVU44
 194 005c FFF7FEFF 		bl	HAL_GPIO_Init
 195              	.LVL5:
 196              		.loc 1 115 1 view .LVU45
 197 0060 DAE7     		b	.L5
 198              	.L10:
 199 0062 00BF     		.align	2
 200              	.L9:
 201 0064 00440040 		.word	1073759232
 202 0068 00000240 		.word	1073872896
 203              		.cfi_endproc
 204              	.LFE131:
 206              		.section	.text.HAL_UART_MspDeInit,"ax",%progbits
 207              		.align	1
 208              		.global	HAL_UART_MspDeInit
 209              		.syntax unified
ARM GAS  /tmp/ccGwl3bN.s 			page 7


 210              		.thumb
 211              		.thumb_func
 213              	HAL_UART_MspDeInit:
 214              	.LVL6:
 215              	.LFB132:
 116:Src/stm32f4xx_hal_msp.c **** 
 117:Src/stm32f4xx_hal_msp.c **** /**
 118:Src/stm32f4xx_hal_msp.c **** * @brief UART MSP De-Initialization
 119:Src/stm32f4xx_hal_msp.c **** * This function freeze the hardware resources used in this example
 120:Src/stm32f4xx_hal_msp.c **** * @param huart: UART handle pointer
 121:Src/stm32f4xx_hal_msp.c **** * @retval None
 122:Src/stm32f4xx_hal_msp.c **** */
 123:Src/stm32f4xx_hal_msp.c **** void HAL_UART_MspDeInit(UART_HandleTypeDef* huart)
 124:Src/stm32f4xx_hal_msp.c **** {
 216              		.loc 1 124 1 is_stmt 1 view -0
 217              		.cfi_startproc
 218              		@ args = 0, pretend = 0, frame = 0
 219              		@ frame_needed = 0, uses_anonymous_args = 0
 220              		.loc 1 124 1 is_stmt 0 view .LVU47
 221 0000 08B5     		push	{r3, lr}
 222              	.LCFI7:
 223              		.cfi_def_cfa_offset 8
 224              		.cfi_offset 3, -8
 225              		.cfi_offset 14, -4
 125:Src/stm32f4xx_hal_msp.c ****   if(huart->Instance==USART2)
 226              		.loc 1 125 3 is_stmt 1 view .LVU48
 227              		.loc 1 125 11 is_stmt 0 view .LVU49
 228 0002 0268     		ldr	r2, [r0]
 229              		.loc 1 125 5 view .LVU50
 230 0004 064B     		ldr	r3, .L15
 231 0006 9A42     		cmp	r2, r3
 232 0008 00D0     		beq	.L14
 233              	.LVL7:
 234              	.L11:
 126:Src/stm32f4xx_hal_msp.c ****   {
 127:Src/stm32f4xx_hal_msp.c ****   /* USER CODE BEGIN USART2_MspDeInit 0 */
 128:Src/stm32f4xx_hal_msp.c **** 
 129:Src/stm32f4xx_hal_msp.c ****   /* USER CODE END USART2_MspDeInit 0 */
 130:Src/stm32f4xx_hal_msp.c ****     /* Peripheral clock disable */
 131:Src/stm32f4xx_hal_msp.c ****     __HAL_RCC_USART2_CLK_DISABLE();
 132:Src/stm32f4xx_hal_msp.c **** 
 133:Src/stm32f4xx_hal_msp.c ****     /**USART2 GPIO Configuration
 134:Src/stm32f4xx_hal_msp.c ****     PA2     ------> USART2_TX
 135:Src/stm32f4xx_hal_msp.c ****     PA3     ------> USART2_RX
 136:Src/stm32f4xx_hal_msp.c ****     */
 137:Src/stm32f4xx_hal_msp.c ****     HAL_GPIO_DeInit(GPIOA, USART_TX_Pin|USART_RX_Pin);
 138:Src/stm32f4xx_hal_msp.c **** 
 139:Src/stm32f4xx_hal_msp.c ****   /* USER CODE BEGIN USART2_MspDeInit 1 */
 140:Src/stm32f4xx_hal_msp.c **** 
 141:Src/stm32f4xx_hal_msp.c ****   /* USER CODE END USART2_MspDeInit 1 */
 142:Src/stm32f4xx_hal_msp.c ****   }
 143:Src/stm32f4xx_hal_msp.c **** 
 144:Src/stm32f4xx_hal_msp.c **** }
 235              		.loc 1 144 1 view .LVU51
 236 000a 08BD     		pop	{r3, pc}
 237              	.LVL8:
 238              	.L14:
ARM GAS  /tmp/ccGwl3bN.s 			page 8


 131:Src/stm32f4xx_hal_msp.c **** 
 239              		.loc 1 131 5 is_stmt 1 view .LVU52
 240 000c 054A     		ldr	r2, .L15+4
 241 000e 136C     		ldr	r3, [r2, #64]
 242 0010 23F40033 		bic	r3, r3, #131072
 243 0014 1364     		str	r3, [r2, #64]
 137:Src/stm32f4xx_hal_msp.c **** 
 244              		.loc 1 137 5 view .LVU53
 245 0016 0C21     		movs	r1, #12
 246 0018 0348     		ldr	r0, .L15+8
 247              	.LVL9:
 137:Src/stm32f4xx_hal_msp.c **** 
 248              		.loc 1 137 5 is_stmt 0 view .LVU54
 249 001a FFF7FEFF 		bl	HAL_GPIO_DeInit
 250              	.LVL10:
 251              		.loc 1 144 1 view .LVU55
 252 001e F4E7     		b	.L11
 253              	.L16:
 254              		.align	2
 255              	.L15:
 256 0020 00440040 		.word	1073759232
 257 0024 00380240 		.word	1073887232
 258 0028 00000240 		.word	1073872896
 259              		.cfi_endproc
 260              	.LFE132:
 262              		.text
 263              	.Letext0:
 264              		.file 2 "/usr/share/gcc-arm-none-eabi-10.3-2021.10/arm-none-eabi/include/machine/_default_types.h"
 265              		.file 3 "/usr/share/gcc-arm-none-eabi-10.3-2021.10/arm-none-eabi/include/sys/_stdint.h"
 266              		.file 4 "Drivers/CMSIS/Device/ST/STM32F4xx/Include/stm32f401xe.h"
 267              		.file 5 "Drivers/STM32F4xx_HAL_Driver/Inc/stm32f4xx_hal_def.h"
 268              		.file 6 "Drivers/STM32F4xx_HAL_Driver/Inc/stm32f4xx_hal_gpio.h"
 269              		.file 7 "Drivers/STM32F4xx_HAL_Driver/Inc/stm32f4xx_hal_dma.h"
 270              		.file 8 "Drivers/STM32F4xx_HAL_Driver/Inc/stm32f4xx_hal_uart.h"
 271              		.file 9 "Drivers/STM32F4xx_HAL_Driver/Inc/stm32f4xx_hal_cortex.h"
ARM GAS  /tmp/ccGwl3bN.s 			page 9


DEFINED SYMBOLS
                            *ABS*:0000000000000000 stm32f4xx_hal_msp.c
     /tmp/ccGwl3bN.s:20     .text.HAL_MspInit:0000000000000000 $t
     /tmp/ccGwl3bN.s:26     .text.HAL_MspInit:0000000000000000 HAL_MspInit
     /tmp/ccGwl3bN.s:87     .text.HAL_MspInit:000000000000003c $d
     /tmp/ccGwl3bN.s:92     .text.HAL_UART_MspInit:0000000000000000 $t
     /tmp/ccGwl3bN.s:98     .text.HAL_UART_MspInit:0000000000000000 HAL_UART_MspInit
     /tmp/ccGwl3bN.s:201    .text.HAL_UART_MspInit:0000000000000064 $d
     /tmp/ccGwl3bN.s:207    .text.HAL_UART_MspDeInit:0000000000000000 $t
     /tmp/ccGwl3bN.s:213    .text.HAL_UART_MspDeInit:0000000000000000 HAL_UART_MspDeInit
     /tmp/ccGwl3bN.s:256    .text.HAL_UART_MspDeInit:0000000000000020 $d

UNDEFINED SYMBOLS
HAL_NVIC_SetPriorityGrouping
HAL_GPIO_Init
HAL_GPIO_DeInit
