ARM GAS  /tmp/ccltIDfb.s 			page 1


   1              		.cpu cortex-m4
   2              		.eabi_attribute 27, 1
   3              		.eabi_attribute 28, 1
   4              		.eabi_attribute 20, 1
   5              		.eabi_attribute 21, 1
   6              		.eabi_attribute 23, 3
   7              		.eabi_attribute 24, 1
   8              		.eabi_attribute 25, 1
   9              		.eabi_attribute 26, 1
  10              		.eabi_attribute 30, 1
  11              		.eabi_attribute 34, 1
  12              		.eabi_attribute 18, 4
  13              		.file	"usbd_desc.c"
  14              		.text
  15              	.Ltext0:
  16              		.cfi_sections	.debug_frame
  17              		.section	.text.USBD_FS_DeviceDescriptor,"ax",%progbits
  18              		.align	1
  19              		.global	USBD_FS_DeviceDescriptor
  20              		.syntax unified
  21              		.thumb
  22              		.thumb_func
  23              		.fpu fpv4-sp-d16
  25              	USBD_FS_DeviceDescriptor:
  26              	.LFB132:
  27              		.file 1 "USB_DEVICE/App/usbd_desc.c"
   1:USB_DEVICE/App/usbd_desc.c **** /* USER CODE BEGIN Header */
   2:USB_DEVICE/App/usbd_desc.c **** /**
   3:USB_DEVICE/App/usbd_desc.c ****   ******************************************************************************
   4:USB_DEVICE/App/usbd_desc.c ****   * @file           : App/usbd_desc.c
   5:USB_DEVICE/App/usbd_desc.c ****   * @version        : v1.0_Cube
   6:USB_DEVICE/App/usbd_desc.c ****   * @brief          : This file implements the USB device descriptors.
   7:USB_DEVICE/App/usbd_desc.c ****   ******************************************************************************
   8:USB_DEVICE/App/usbd_desc.c ****   * @attention
   9:USB_DEVICE/App/usbd_desc.c ****   *
  10:USB_DEVICE/App/usbd_desc.c ****   * Copyright (c) 2022 STMicroelectronics.
  11:USB_DEVICE/App/usbd_desc.c ****   * All rights reserved.
  12:USB_DEVICE/App/usbd_desc.c ****   *
  13:USB_DEVICE/App/usbd_desc.c ****   * This software is licensed under terms that can be found in the LICENSE file
  14:USB_DEVICE/App/usbd_desc.c ****   * in the root directory of this software component.
  15:USB_DEVICE/App/usbd_desc.c ****   * If no LICENSE file comes with this software, it is provided AS-IS.
  16:USB_DEVICE/App/usbd_desc.c ****   *
  17:USB_DEVICE/App/usbd_desc.c ****   ******************************************************************************
  18:USB_DEVICE/App/usbd_desc.c ****   */
  19:USB_DEVICE/App/usbd_desc.c **** /* USER CODE END Header */
  20:USB_DEVICE/App/usbd_desc.c **** 
  21:USB_DEVICE/App/usbd_desc.c **** /* Includes ------------------------------------------------------------------*/
  22:USB_DEVICE/App/usbd_desc.c **** #include "usbd_core.h"
  23:USB_DEVICE/App/usbd_desc.c **** #include "usbd_desc.h"
  24:USB_DEVICE/App/usbd_desc.c **** #include "usbd_conf.h"
  25:USB_DEVICE/App/usbd_desc.c **** 
  26:USB_DEVICE/App/usbd_desc.c **** /* USER CODE BEGIN INCLUDE */
  27:USB_DEVICE/App/usbd_desc.c **** 
  28:USB_DEVICE/App/usbd_desc.c **** /* USER CODE END INCLUDE */
  29:USB_DEVICE/App/usbd_desc.c **** 
  30:USB_DEVICE/App/usbd_desc.c **** /* Private typedef -----------------------------------------------------------*/
  31:USB_DEVICE/App/usbd_desc.c **** /* Private define ------------------------------------------------------------*/
ARM GAS  /tmp/ccltIDfb.s 			page 2


  32:USB_DEVICE/App/usbd_desc.c **** /* Private macro -------------------------------------------------------------*/
  33:USB_DEVICE/App/usbd_desc.c **** 
  34:USB_DEVICE/App/usbd_desc.c **** /* USER CODE BEGIN PV */
  35:USB_DEVICE/App/usbd_desc.c **** /* Private variables ---------------------------------------------------------*/
  36:USB_DEVICE/App/usbd_desc.c **** 
  37:USB_DEVICE/App/usbd_desc.c **** /* USER CODE END PV */
  38:USB_DEVICE/App/usbd_desc.c **** 
  39:USB_DEVICE/App/usbd_desc.c **** /** @addtogroup STM32_USB_OTG_DEVICE_LIBRARY
  40:USB_DEVICE/App/usbd_desc.c ****   * @{
  41:USB_DEVICE/App/usbd_desc.c ****   */
  42:USB_DEVICE/App/usbd_desc.c **** 
  43:USB_DEVICE/App/usbd_desc.c **** /** @addtogroup USBD_DESC
  44:USB_DEVICE/App/usbd_desc.c ****   * @{
  45:USB_DEVICE/App/usbd_desc.c ****   */
  46:USB_DEVICE/App/usbd_desc.c **** 
  47:USB_DEVICE/App/usbd_desc.c **** /** @defgroup USBD_DESC_Private_TypesDefinitions USBD_DESC_Private_TypesDefinitions
  48:USB_DEVICE/App/usbd_desc.c ****   * @brief Private types.
  49:USB_DEVICE/App/usbd_desc.c ****   * @{
  50:USB_DEVICE/App/usbd_desc.c ****   */
  51:USB_DEVICE/App/usbd_desc.c **** 
  52:USB_DEVICE/App/usbd_desc.c **** /* USER CODE BEGIN PRIVATE_TYPES */
  53:USB_DEVICE/App/usbd_desc.c **** 
  54:USB_DEVICE/App/usbd_desc.c **** /* USER CODE END PRIVATE_TYPES */
  55:USB_DEVICE/App/usbd_desc.c **** 
  56:USB_DEVICE/App/usbd_desc.c **** /**
  57:USB_DEVICE/App/usbd_desc.c ****   * @}
  58:USB_DEVICE/App/usbd_desc.c ****   */
  59:USB_DEVICE/App/usbd_desc.c **** 
  60:USB_DEVICE/App/usbd_desc.c **** /** @defgroup USBD_DESC_Private_Defines USBD_DESC_Private_Defines
  61:USB_DEVICE/App/usbd_desc.c ****   * @brief Private defines.
  62:USB_DEVICE/App/usbd_desc.c ****   * @{
  63:USB_DEVICE/App/usbd_desc.c ****   */
  64:USB_DEVICE/App/usbd_desc.c **** 
  65:USB_DEVICE/App/usbd_desc.c **** #define USBD_VID     1155
  66:USB_DEVICE/App/usbd_desc.c **** #define USBD_LANGID_STRING     1033
  67:USB_DEVICE/App/usbd_desc.c **** #define USBD_MANUFACTURER_STRING     "STMicroelectronics"
  68:USB_DEVICE/App/usbd_desc.c **** #define USBD_PID_FS     22336
  69:USB_DEVICE/App/usbd_desc.c **** #define USBD_PRODUCT_STRING_FS     "STM32 Virtual ComPort"
  70:USB_DEVICE/App/usbd_desc.c **** #define USBD_CONFIGURATION_STRING_FS     "CDC Config"
  71:USB_DEVICE/App/usbd_desc.c **** #define USBD_INTERFACE_STRING_FS     "CDC Interface"
  72:USB_DEVICE/App/usbd_desc.c **** 
  73:USB_DEVICE/App/usbd_desc.c **** #define USB_SIZ_BOS_DESC            0x0C
  74:USB_DEVICE/App/usbd_desc.c **** 
  75:USB_DEVICE/App/usbd_desc.c **** /* USER CODE BEGIN PRIVATE_DEFINES */
  76:USB_DEVICE/App/usbd_desc.c **** 
  77:USB_DEVICE/App/usbd_desc.c **** /* USER CODE END PRIVATE_DEFINES */
  78:USB_DEVICE/App/usbd_desc.c **** 
  79:USB_DEVICE/App/usbd_desc.c **** 
  80:USB_DEVICE/App/usbd_desc.c **** /** @defgroup USBD_DESC_Private_FunctionPrototypes USBD_DESC_Private_FunctionPrototypes
  81:USB_DEVICE/App/usbd_desc.c ****   * @brief Private functions declaration.
  82:USB_DEVICE/App/usbd_desc.c ****   * @{
  83:USB_DEVICE/App/usbd_desc.c ****   */
  84:USB_DEVICE/App/usbd_desc.c **** 
  85:USB_DEVICE/App/usbd_desc.c **** static void Get_SerialNum(void);
  86:USB_DEVICE/App/usbd_desc.c **** static void IntToUnicode(uint32_t value, uint8_t * pbuf, uint8_t len);
  87:USB_DEVICE/App/usbd_desc.c **** 
  88:USB_DEVICE/App/usbd_desc.c **** 
ARM GAS  /tmp/ccltIDfb.s 			page 3


  89:USB_DEVICE/App/usbd_desc.c **** 
  90:USB_DEVICE/App/usbd_desc.c **** /** @defgroup USBD_DESC_Private_FunctionPrototypes USBD_DESC_Private_FunctionPrototypes
  91:USB_DEVICE/App/usbd_desc.c ****   * @brief Private functions declaration for FS.
  92:USB_DEVICE/App/usbd_desc.c ****   * @{
  93:USB_DEVICE/App/usbd_desc.c ****   */
  94:USB_DEVICE/App/usbd_desc.c **** 
  95:USB_DEVICE/App/usbd_desc.c **** uint8_t * USBD_FS_DeviceDescriptor(USBD_SpeedTypeDef speed, uint16_t *length);
  96:USB_DEVICE/App/usbd_desc.c **** uint8_t * USBD_FS_LangIDStrDescriptor(USBD_SpeedTypeDef speed, uint16_t *length);
  97:USB_DEVICE/App/usbd_desc.c **** uint8_t * USBD_FS_ManufacturerStrDescriptor(USBD_SpeedTypeDef speed, uint16_t *length);
  98:USB_DEVICE/App/usbd_desc.c **** uint8_t * USBD_FS_ProductStrDescriptor(USBD_SpeedTypeDef speed, uint16_t *length);
  99:USB_DEVICE/App/usbd_desc.c **** uint8_t * USBD_FS_SerialStrDescriptor(USBD_SpeedTypeDef speed, uint16_t *length);
 100:USB_DEVICE/App/usbd_desc.c **** uint8_t * USBD_FS_ConfigStrDescriptor(USBD_SpeedTypeDef speed, uint16_t *length);
 101:USB_DEVICE/App/usbd_desc.c **** uint8_t * USBD_FS_InterfaceStrDescriptor(USBD_SpeedTypeDef speed, uint16_t *length);
 102:USB_DEVICE/App/usbd_desc.c **** 
 103:USB_DEVICE/App/usbd_desc.c **** 
 104:USB_DEVICE/App/usbd_desc.c **** /** @defgroup USBD_DESC_Private_Variables USBD_DESC_Private_Variables
 105:USB_DEVICE/App/usbd_desc.c ****   * @brief Private variables.
 106:USB_DEVICE/App/usbd_desc.c ****   * @{
 107:USB_DEVICE/App/usbd_desc.c ****   */
 108:USB_DEVICE/App/usbd_desc.c **** 
 109:USB_DEVICE/App/usbd_desc.c **** USBD_DescriptorsTypeDef FS_Desc =
 110:USB_DEVICE/App/usbd_desc.c **** {
 111:USB_DEVICE/App/usbd_desc.c ****   USBD_FS_DeviceDescriptor
 112:USB_DEVICE/App/usbd_desc.c **** , USBD_FS_LangIDStrDescriptor
 113:USB_DEVICE/App/usbd_desc.c **** , USBD_FS_ManufacturerStrDescriptor
 114:USB_DEVICE/App/usbd_desc.c **** , USBD_FS_ProductStrDescriptor
 115:USB_DEVICE/App/usbd_desc.c **** , USBD_FS_SerialStrDescriptor
 116:USB_DEVICE/App/usbd_desc.c **** , USBD_FS_ConfigStrDescriptor
 117:USB_DEVICE/App/usbd_desc.c **** , USBD_FS_InterfaceStrDescriptor
 118:USB_DEVICE/App/usbd_desc.c **** #if (USBD_LPM_ENABLED == 1)
 119:USB_DEVICE/App/usbd_desc.c **** , USBD_FS_USR_BOSDescriptor
 120:USB_DEVICE/App/usbd_desc.c **** #endif /* (USBD_LPM_ENABLED == 1) */
 121:USB_DEVICE/App/usbd_desc.c **** };
 122:USB_DEVICE/App/usbd_desc.c **** 
 123:USB_DEVICE/App/usbd_desc.c **** /** USB standard device descriptor. */
 124:USB_DEVICE/App/usbd_desc.c **** __ALIGN_BEGIN uint8_t USBD_FS_DeviceDesc[USB_LEN_DEV_DESC] __ALIGN_END =
 125:USB_DEVICE/App/usbd_desc.c **** {
 126:USB_DEVICE/App/usbd_desc.c ****   0x12,                       /*bLength */
 127:USB_DEVICE/App/usbd_desc.c ****   USB_DESC_TYPE_DEVICE,       /*bDescriptorType*/
 128:USB_DEVICE/App/usbd_desc.c ****   0x00,                       /*bcdUSB */
 129:USB_DEVICE/App/usbd_desc.c ****   0x02,
 130:USB_DEVICE/App/usbd_desc.c ****   0x02,                       /*bDeviceClass*/
 131:USB_DEVICE/App/usbd_desc.c ****   0x02,                       /*bDeviceSubClass*/
 132:USB_DEVICE/App/usbd_desc.c ****   0x00,                       /*bDeviceProtocol*/
 133:USB_DEVICE/App/usbd_desc.c ****   USB_MAX_EP0_SIZE,           /*bMaxPacketSize*/
 134:USB_DEVICE/App/usbd_desc.c ****   LOBYTE(USBD_VID),           /*idVendor*/
 135:USB_DEVICE/App/usbd_desc.c ****   HIBYTE(USBD_VID),           /*idVendor*/
 136:USB_DEVICE/App/usbd_desc.c ****   LOBYTE(USBD_PID_FS),        /*idProduct*/
 137:USB_DEVICE/App/usbd_desc.c ****   HIBYTE(USBD_PID_FS),        /*idProduct*/
 138:USB_DEVICE/App/usbd_desc.c ****   0x00,                       /*bcdDevice rel. 2.00*/
 139:USB_DEVICE/App/usbd_desc.c ****   0x02,
 140:USB_DEVICE/App/usbd_desc.c ****   USBD_IDX_MFC_STR,           /*Index of manufacturer  string*/
 141:USB_DEVICE/App/usbd_desc.c ****   USBD_IDX_PRODUCT_STR,       /*Index of product string*/
 142:USB_DEVICE/App/usbd_desc.c ****   USBD_IDX_SERIAL_STR,        /*Index of serial number string*/
 143:USB_DEVICE/App/usbd_desc.c ****   USBD_MAX_NUM_CONFIGURATION  /*bNumConfigurations*/
 144:USB_DEVICE/App/usbd_desc.c **** };
 145:USB_DEVICE/App/usbd_desc.c **** 
ARM GAS  /tmp/ccltIDfb.s 			page 4


 146:USB_DEVICE/App/usbd_desc.c **** /** USB lang identifier descriptor. */
 147:USB_DEVICE/App/usbd_desc.c **** __ALIGN_BEGIN uint8_t USBD_LangIDDesc[USB_LEN_LANGID_STR_DESC] __ALIGN_END =
 148:USB_DEVICE/App/usbd_desc.c **** {
 149:USB_DEVICE/App/usbd_desc.c ****      USB_LEN_LANGID_STR_DESC,
 150:USB_DEVICE/App/usbd_desc.c ****      USB_DESC_TYPE_STRING,
 151:USB_DEVICE/App/usbd_desc.c ****      LOBYTE(USBD_LANGID_STRING),
 152:USB_DEVICE/App/usbd_desc.c ****      HIBYTE(USBD_LANGID_STRING)
 153:USB_DEVICE/App/usbd_desc.c **** };
 154:USB_DEVICE/App/usbd_desc.c **** 
 155:USB_DEVICE/App/usbd_desc.c **** /* Internal string descriptor. */
 156:USB_DEVICE/App/usbd_desc.c **** __ALIGN_BEGIN uint8_t USBD_StrDesc[USBD_MAX_STR_DESC_SIZ] __ALIGN_END;
 157:USB_DEVICE/App/usbd_desc.c **** 
 158:USB_DEVICE/App/usbd_desc.c **** 
 159:USB_DEVICE/App/usbd_desc.c **** __ALIGN_BEGIN uint8_t USBD_StringSerial[USB_SIZ_STRING_SERIAL] __ALIGN_END = {
 160:USB_DEVICE/App/usbd_desc.c ****   USB_SIZ_STRING_SERIAL,
 161:USB_DEVICE/App/usbd_desc.c ****   USB_DESC_TYPE_STRING,
 162:USB_DEVICE/App/usbd_desc.c **** };
 163:USB_DEVICE/App/usbd_desc.c **** 
 164:USB_DEVICE/App/usbd_desc.c **** /**
 165:USB_DEVICE/App/usbd_desc.c ****   * @}
 166:USB_DEVICE/App/usbd_desc.c ****   */
 167:USB_DEVICE/App/usbd_desc.c **** 
 168:USB_DEVICE/App/usbd_desc.c **** /** @defgroup USBD_DESC_Private_Functions USBD_DESC_Private_Functions
 169:USB_DEVICE/App/usbd_desc.c ****   * @brief Private functions.
 170:USB_DEVICE/App/usbd_desc.c ****   * @{
 171:USB_DEVICE/App/usbd_desc.c ****   */
 172:USB_DEVICE/App/usbd_desc.c **** 
 173:USB_DEVICE/App/usbd_desc.c **** /**
 174:USB_DEVICE/App/usbd_desc.c ****   * @brief  Return the device descriptor
 175:USB_DEVICE/App/usbd_desc.c ****   * @param  speed : Current device speed
 176:USB_DEVICE/App/usbd_desc.c ****   * @param  length : Pointer to data length variable
 177:USB_DEVICE/App/usbd_desc.c ****   * @retval Pointer to descriptor buffer
 178:USB_DEVICE/App/usbd_desc.c ****   */
 179:USB_DEVICE/App/usbd_desc.c **** uint8_t * USBD_FS_DeviceDescriptor(USBD_SpeedTypeDef speed, uint16_t *length)
 180:USB_DEVICE/App/usbd_desc.c **** {
  28              		.loc 1 180 0
  29              		.cfi_startproc
  30              		@ args = 0, pretend = 0, frame = 0
  31              		@ frame_needed = 0, uses_anonymous_args = 0
  32              		@ link register save eliminated.
  33              	.LVL0:
 181:USB_DEVICE/App/usbd_desc.c ****   UNUSED(speed);
 182:USB_DEVICE/App/usbd_desc.c ****   *length = sizeof(USBD_FS_DeviceDesc);
  34              		.loc 1 182 0
  35 0000 1223     		movs	r3, #18
  36 0002 0B80     		strh	r3, [r1]	@ movhi
 183:USB_DEVICE/App/usbd_desc.c ****   return USBD_FS_DeviceDesc;
 184:USB_DEVICE/App/usbd_desc.c **** }
  37              		.loc 1 184 0
  38 0004 0048     		ldr	r0, .L2
  39              	.LVL1:
  40 0006 7047     		bx	lr
  41              	.L3:
  42              		.align	2
  43              	.L2:
  44 0008 00000000 		.word	.LANCHOR0
  45              		.cfi_endproc
ARM GAS  /tmp/ccltIDfb.s 			page 5


  46              	.LFE132:
  48              		.section	.text.USBD_FS_LangIDStrDescriptor,"ax",%progbits
  49              		.align	1
  50              		.global	USBD_FS_LangIDStrDescriptor
  51              		.syntax unified
  52              		.thumb
  53              		.thumb_func
  54              		.fpu fpv4-sp-d16
  56              	USBD_FS_LangIDStrDescriptor:
  57              	.LFB133:
 185:USB_DEVICE/App/usbd_desc.c **** 
 186:USB_DEVICE/App/usbd_desc.c **** /**
 187:USB_DEVICE/App/usbd_desc.c ****   * @brief  Return the LangID string descriptor
 188:USB_DEVICE/App/usbd_desc.c ****   * @param  speed : Current device speed
 189:USB_DEVICE/App/usbd_desc.c ****   * @param  length : Pointer to data length variable
 190:USB_DEVICE/App/usbd_desc.c ****   * @retval Pointer to descriptor buffer
 191:USB_DEVICE/App/usbd_desc.c ****   */
 192:USB_DEVICE/App/usbd_desc.c **** uint8_t * USBD_FS_LangIDStrDescriptor(USBD_SpeedTypeDef speed, uint16_t *length)
 193:USB_DEVICE/App/usbd_desc.c **** {
  58              		.loc 1 193 0
  59              		.cfi_startproc
  60              		@ args = 0, pretend = 0, frame = 0
  61              		@ frame_needed = 0, uses_anonymous_args = 0
  62              		@ link register save eliminated.
  63              	.LVL2:
 194:USB_DEVICE/App/usbd_desc.c ****   UNUSED(speed);
 195:USB_DEVICE/App/usbd_desc.c ****   *length = sizeof(USBD_LangIDDesc);
  64              		.loc 1 195 0
  65 0000 0423     		movs	r3, #4
  66 0002 0B80     		strh	r3, [r1]	@ movhi
 196:USB_DEVICE/App/usbd_desc.c ****   return USBD_LangIDDesc;
 197:USB_DEVICE/App/usbd_desc.c **** }
  67              		.loc 1 197 0
  68 0004 0048     		ldr	r0, .L5
  69              	.LVL3:
  70 0006 7047     		bx	lr
  71              	.L6:
  72              		.align	2
  73              	.L5:
  74 0008 00000000 		.word	.LANCHOR1
  75              		.cfi_endproc
  76              	.LFE133:
  78              		.section	.text.IntToUnicode,"ax",%progbits
  79              		.align	1
  80              		.syntax unified
  81              		.thumb
  82              		.thumb_func
  83              		.fpu fpv4-sp-d16
  85              	IntToUnicode:
  86              	.LFB140:
 198:USB_DEVICE/App/usbd_desc.c **** 
 199:USB_DEVICE/App/usbd_desc.c **** /**
 200:USB_DEVICE/App/usbd_desc.c ****   * @brief  Return the product string descriptor
 201:USB_DEVICE/App/usbd_desc.c ****   * @param  speed : Current device speed
 202:USB_DEVICE/App/usbd_desc.c ****   * @param  length : Pointer to data length variable
 203:USB_DEVICE/App/usbd_desc.c ****   * @retval Pointer to descriptor buffer
 204:USB_DEVICE/App/usbd_desc.c ****   */
ARM GAS  /tmp/ccltIDfb.s 			page 6


 205:USB_DEVICE/App/usbd_desc.c **** uint8_t * USBD_FS_ProductStrDescriptor(USBD_SpeedTypeDef speed, uint16_t *length)
 206:USB_DEVICE/App/usbd_desc.c **** {
 207:USB_DEVICE/App/usbd_desc.c ****   if(speed == 0)
 208:USB_DEVICE/App/usbd_desc.c ****   {
 209:USB_DEVICE/App/usbd_desc.c ****     USBD_GetString((uint8_t *)USBD_PRODUCT_STRING_FS, USBD_StrDesc, length);
 210:USB_DEVICE/App/usbd_desc.c ****   }
 211:USB_DEVICE/App/usbd_desc.c ****   else
 212:USB_DEVICE/App/usbd_desc.c ****   {
 213:USB_DEVICE/App/usbd_desc.c ****     USBD_GetString((uint8_t *)USBD_PRODUCT_STRING_FS, USBD_StrDesc, length);
 214:USB_DEVICE/App/usbd_desc.c ****   }
 215:USB_DEVICE/App/usbd_desc.c ****   return USBD_StrDesc;
 216:USB_DEVICE/App/usbd_desc.c **** }
 217:USB_DEVICE/App/usbd_desc.c **** 
 218:USB_DEVICE/App/usbd_desc.c **** /**
 219:USB_DEVICE/App/usbd_desc.c ****   * @brief  Return the manufacturer string descriptor
 220:USB_DEVICE/App/usbd_desc.c ****   * @param  speed : Current device speed
 221:USB_DEVICE/App/usbd_desc.c ****   * @param  length : Pointer to data length variable
 222:USB_DEVICE/App/usbd_desc.c ****   * @retval Pointer to descriptor buffer
 223:USB_DEVICE/App/usbd_desc.c ****   */
 224:USB_DEVICE/App/usbd_desc.c **** uint8_t * USBD_FS_ManufacturerStrDescriptor(USBD_SpeedTypeDef speed, uint16_t *length)
 225:USB_DEVICE/App/usbd_desc.c **** {
 226:USB_DEVICE/App/usbd_desc.c ****   UNUSED(speed);
 227:USB_DEVICE/App/usbd_desc.c ****   USBD_GetString((uint8_t *)USBD_MANUFACTURER_STRING, USBD_StrDesc, length);
 228:USB_DEVICE/App/usbd_desc.c ****   return USBD_StrDesc;
 229:USB_DEVICE/App/usbd_desc.c **** }
 230:USB_DEVICE/App/usbd_desc.c **** 
 231:USB_DEVICE/App/usbd_desc.c **** /**
 232:USB_DEVICE/App/usbd_desc.c ****   * @brief  Return the serial number string descriptor
 233:USB_DEVICE/App/usbd_desc.c ****   * @param  speed : Current device speed
 234:USB_DEVICE/App/usbd_desc.c ****   * @param  length : Pointer to data length variable
 235:USB_DEVICE/App/usbd_desc.c ****   * @retval Pointer to descriptor buffer
 236:USB_DEVICE/App/usbd_desc.c ****   */
 237:USB_DEVICE/App/usbd_desc.c **** uint8_t * USBD_FS_SerialStrDescriptor(USBD_SpeedTypeDef speed, uint16_t *length)
 238:USB_DEVICE/App/usbd_desc.c **** {
 239:USB_DEVICE/App/usbd_desc.c ****   UNUSED(speed);
 240:USB_DEVICE/App/usbd_desc.c ****   *length = USB_SIZ_STRING_SERIAL;
 241:USB_DEVICE/App/usbd_desc.c **** 
 242:USB_DEVICE/App/usbd_desc.c ****   /* Update the serial number string descriptor with the data from the unique
 243:USB_DEVICE/App/usbd_desc.c ****    * ID */
 244:USB_DEVICE/App/usbd_desc.c ****   Get_SerialNum();
 245:USB_DEVICE/App/usbd_desc.c ****   /* USER CODE BEGIN USBD_FS_SerialStrDescriptor */
 246:USB_DEVICE/App/usbd_desc.c **** 
 247:USB_DEVICE/App/usbd_desc.c ****   /* USER CODE END USBD_FS_SerialStrDescriptor */
 248:USB_DEVICE/App/usbd_desc.c ****   return (uint8_t *) USBD_StringSerial;
 249:USB_DEVICE/App/usbd_desc.c **** }
 250:USB_DEVICE/App/usbd_desc.c **** 
 251:USB_DEVICE/App/usbd_desc.c **** /**
 252:USB_DEVICE/App/usbd_desc.c ****   * @brief  Return the configuration string descriptor
 253:USB_DEVICE/App/usbd_desc.c ****   * @param  speed : Current device speed
 254:USB_DEVICE/App/usbd_desc.c ****   * @param  length : Pointer to data length variable
 255:USB_DEVICE/App/usbd_desc.c ****   * @retval Pointer to descriptor buffer
 256:USB_DEVICE/App/usbd_desc.c ****   */
 257:USB_DEVICE/App/usbd_desc.c **** uint8_t * USBD_FS_ConfigStrDescriptor(USBD_SpeedTypeDef speed, uint16_t *length)
 258:USB_DEVICE/App/usbd_desc.c **** {
 259:USB_DEVICE/App/usbd_desc.c ****   if(speed == USBD_SPEED_HIGH)
 260:USB_DEVICE/App/usbd_desc.c ****   {
 261:USB_DEVICE/App/usbd_desc.c ****     USBD_GetString((uint8_t *)USBD_CONFIGURATION_STRING_FS, USBD_StrDesc, length);
ARM GAS  /tmp/ccltIDfb.s 			page 7


 262:USB_DEVICE/App/usbd_desc.c ****   }
 263:USB_DEVICE/App/usbd_desc.c ****   else
 264:USB_DEVICE/App/usbd_desc.c ****   {
 265:USB_DEVICE/App/usbd_desc.c ****     USBD_GetString((uint8_t *)USBD_CONFIGURATION_STRING_FS, USBD_StrDesc, length);
 266:USB_DEVICE/App/usbd_desc.c ****   }
 267:USB_DEVICE/App/usbd_desc.c ****   return USBD_StrDesc;
 268:USB_DEVICE/App/usbd_desc.c **** }
 269:USB_DEVICE/App/usbd_desc.c **** 
 270:USB_DEVICE/App/usbd_desc.c **** /**
 271:USB_DEVICE/App/usbd_desc.c ****   * @brief  Return the interface string descriptor
 272:USB_DEVICE/App/usbd_desc.c ****   * @param  speed : Current device speed
 273:USB_DEVICE/App/usbd_desc.c ****   * @param  length : Pointer to data length variable
 274:USB_DEVICE/App/usbd_desc.c ****   * @retval Pointer to descriptor buffer
 275:USB_DEVICE/App/usbd_desc.c ****   */
 276:USB_DEVICE/App/usbd_desc.c **** uint8_t * USBD_FS_InterfaceStrDescriptor(USBD_SpeedTypeDef speed, uint16_t *length)
 277:USB_DEVICE/App/usbd_desc.c **** {
 278:USB_DEVICE/App/usbd_desc.c ****   if(speed == 0)
 279:USB_DEVICE/App/usbd_desc.c ****   {
 280:USB_DEVICE/App/usbd_desc.c ****     USBD_GetString((uint8_t *)USBD_INTERFACE_STRING_FS, USBD_StrDesc, length);
 281:USB_DEVICE/App/usbd_desc.c ****   }
 282:USB_DEVICE/App/usbd_desc.c ****   else
 283:USB_DEVICE/App/usbd_desc.c ****   {
 284:USB_DEVICE/App/usbd_desc.c ****     USBD_GetString((uint8_t *)USBD_INTERFACE_STRING_FS, USBD_StrDesc, length);
 285:USB_DEVICE/App/usbd_desc.c ****   }
 286:USB_DEVICE/App/usbd_desc.c ****   return USBD_StrDesc;
 287:USB_DEVICE/App/usbd_desc.c **** }
 288:USB_DEVICE/App/usbd_desc.c **** 
 289:USB_DEVICE/App/usbd_desc.c **** /**
 290:USB_DEVICE/App/usbd_desc.c ****   * @brief  Create the serial number string descriptor
 291:USB_DEVICE/App/usbd_desc.c ****   * @param  None
 292:USB_DEVICE/App/usbd_desc.c ****   * @retval None
 293:USB_DEVICE/App/usbd_desc.c ****   */
 294:USB_DEVICE/App/usbd_desc.c **** static void Get_SerialNum(void)
 295:USB_DEVICE/App/usbd_desc.c **** {
 296:USB_DEVICE/App/usbd_desc.c ****   uint32_t deviceserial0, deviceserial1, deviceserial2;
 297:USB_DEVICE/App/usbd_desc.c **** 
 298:USB_DEVICE/App/usbd_desc.c ****   deviceserial0 = *(uint32_t *) DEVICE_ID1;
 299:USB_DEVICE/App/usbd_desc.c ****   deviceserial1 = *(uint32_t *) DEVICE_ID2;
 300:USB_DEVICE/App/usbd_desc.c ****   deviceserial2 = *(uint32_t *) DEVICE_ID3;
 301:USB_DEVICE/App/usbd_desc.c **** 
 302:USB_DEVICE/App/usbd_desc.c ****   deviceserial0 += deviceserial2;
 303:USB_DEVICE/App/usbd_desc.c **** 
 304:USB_DEVICE/App/usbd_desc.c ****   if (deviceserial0 != 0)
 305:USB_DEVICE/App/usbd_desc.c ****   {
 306:USB_DEVICE/App/usbd_desc.c ****     IntToUnicode(deviceserial0, &USBD_StringSerial[2], 8);
 307:USB_DEVICE/App/usbd_desc.c ****     IntToUnicode(deviceserial1, &USBD_StringSerial[18], 4);
 308:USB_DEVICE/App/usbd_desc.c ****   }
 309:USB_DEVICE/App/usbd_desc.c **** }
 310:USB_DEVICE/App/usbd_desc.c **** 
 311:USB_DEVICE/App/usbd_desc.c **** /**
 312:USB_DEVICE/App/usbd_desc.c ****   * @brief  Convert Hex 32Bits value into char
 313:USB_DEVICE/App/usbd_desc.c ****   * @param  value: value to convert
 314:USB_DEVICE/App/usbd_desc.c ****   * @param  pbuf: pointer to the buffer
 315:USB_DEVICE/App/usbd_desc.c ****   * @param  len: buffer length
 316:USB_DEVICE/App/usbd_desc.c ****   * @retval None
 317:USB_DEVICE/App/usbd_desc.c ****   */
 318:USB_DEVICE/App/usbd_desc.c **** static void IntToUnicode(uint32_t value, uint8_t * pbuf, uint8_t len)
ARM GAS  /tmp/ccltIDfb.s 			page 8


 319:USB_DEVICE/App/usbd_desc.c **** {
  87              		.loc 1 319 0
  88              		.cfi_startproc
  89              		@ args = 0, pretend = 0, frame = 0
  90              		@ frame_needed = 0, uses_anonymous_args = 0
  91              		@ link register save eliminated.
  92              	.LVL4:
 320:USB_DEVICE/App/usbd_desc.c ****   uint8_t idx = 0;
 321:USB_DEVICE/App/usbd_desc.c **** 
 322:USB_DEVICE/App/usbd_desc.c ****   for (idx = 0; idx < len; idx++)
  93              		.loc 1 322 0
  94 0000 0023     		movs	r3, #0
  95              	.LVL5:
  96 0002 9342     		cmp	r3, r2
  97 0004 16D2     		bcs	.L15
 319:USB_DEVICE/App/usbd_desc.c ****   uint8_t idx = 0;
  98              		.loc 1 319 0
  99 0006 30B4     		push	{r4, r5}
 100              	.LCFI0:
 101              		.cfi_def_cfa_offset 8
 102              		.cfi_offset 4, -8
 103              		.cfi_offset 5, -4
 104 0008 0BE0     		b	.L11
 105              	.L9:
 323:USB_DEVICE/App/usbd_desc.c ****   {
 324:USB_DEVICE/App/usbd_desc.c ****     if (((value >> 28)) < 0xA)
 325:USB_DEVICE/App/usbd_desc.c ****     {
 326:USB_DEVICE/App/usbd_desc.c ****       pbuf[2 * idx] = (value >> 28) + '0';
 327:USB_DEVICE/App/usbd_desc.c ****     }
 328:USB_DEVICE/App/usbd_desc.c ****     else
 329:USB_DEVICE/App/usbd_desc.c ****     {
 330:USB_DEVICE/App/usbd_desc.c ****       pbuf[2 * idx] = (value >> 28) + 'A' - 10;
 106              		.loc 1 330 0
 107 000a 3734     		adds	r4, r4, #55
 108 000c 01F81340 		strb	r4, [r1, r3, lsl #1]
 109              	.L10:
 331:USB_DEVICE/App/usbd_desc.c ****     }
 332:USB_DEVICE/App/usbd_desc.c **** 
 333:USB_DEVICE/App/usbd_desc.c ****     value = value << 4;
 110              		.loc 1 333 0 discriminator 2
 111 0010 0001     		lsls	r0, r0, #4
 112              	.LVL6:
 334:USB_DEVICE/App/usbd_desc.c **** 
 335:USB_DEVICE/App/usbd_desc.c ****     pbuf[2 * idx + 1] = 0;
 113              		.loc 1 335 0 discriminator 2
 114 0012 5C00     		lsls	r4, r3, #1
 115 0014 0134     		adds	r4, r4, #1
 116 0016 0025     		movs	r5, #0
 117 0018 0D55     		strb	r5, [r1, r4]
 322:USB_DEVICE/App/usbd_desc.c ****   {
 118              		.loc 1 322 0 discriminator 2
 119 001a 0133     		adds	r3, r3, #1
 120              	.LVL7:
 121 001c DBB2     		uxtb	r3, r3
 122              	.LVL8:
 123 001e 9342     		cmp	r3, r2
 124 0020 06D2     		bcs	.L16
ARM GAS  /tmp/ccltIDfb.s 			page 9


 125              	.L11:
 324:USB_DEVICE/App/usbd_desc.c ****     {
 126              		.loc 1 324 0
 127 0022 040F     		lsrs	r4, r0, #28
 128 0024 092C     		cmp	r4, #9
 129 0026 F0D8     		bhi	.L9
 326:USB_DEVICE/App/usbd_desc.c ****     }
 130              		.loc 1 326 0
 131 0028 3034     		adds	r4, r4, #48
 132 002a 01F81340 		strb	r4, [r1, r3, lsl #1]
 133 002e EFE7     		b	.L10
 134              	.L16:
 336:USB_DEVICE/App/usbd_desc.c ****   }
 337:USB_DEVICE/App/usbd_desc.c **** }...
 135              		.loc 1 337 0
 136 0030 30BC     		pop	{r4, r5}
 137              	.LCFI1:
 138              		.cfi_restore 5
 139              		.cfi_restore 4
 140              		.cfi_def_cfa_offset 0
 141 0032 7047     		bx	lr
 142              	.L15:
 143 0034 7047     		bx	lr
 144              		.cfi_endproc
 145              	.LFE140:
 147              		.section	.text.Get_SerialNum,"ax",%progbits
 148              		.align	1
 149              		.syntax unified
 150              		.thumb
 151              		.thumb_func
 152              		.fpu fpv4-sp-d16
 154              	Get_SerialNum:
 155              	.LFB139:
 295:USB_DEVICE/App/usbd_desc.c **** {
 156              		.loc 1 295 0
 157              		.cfi_startproc
 158              		@ args = 0, pretend = 0, frame = 0
 159              		@ frame_needed = 0, uses_anonymous_args = 0
 160 0000 38B5     		push	{r3, r4, r5, lr}
 161              	.LCFI2:
 162              		.cfi_def_cfa_offset 16
 163              		.cfi_offset 3, -16
 164              		.cfi_offset 4, -12
 165              		.cfi_offset 5, -8
 166              		.cfi_offset 14, -4
 298:USB_DEVICE/App/usbd_desc.c ****   deviceserial0 = *(uint32_t *) DEVICE_ID1;
 167              		.loc 1 298 0
 168 0002 0A4B     		ldr	r3, .L21
 169 0004 1868     		ldr	r0, [r3]
 170              	.LVL9:
 299:USB_DEVICE/App/usbd_desc.c ****   deviceserial1 = *(uint32_t *) DEVICE_ID2;
 171              		.loc 1 299 0
 172 0006 0433     		adds	r3, r3, #4
 173 0008 1C68     		ldr	r4, [r3]
 174              	.LVL10:
 300:USB_DEVICE/App/usbd_desc.c ****   deviceserial2 = *(uint32_t *) DEVICE_ID3;
 175              		.loc 1 300 0
ARM GAS  /tmp/ccltIDfb.s 			page 10


 176 000a 0433     		adds	r3, r3, #4
 177 000c 1B68     		ldr	r3, [r3]
 178              	.LVL11:
 304:USB_DEVICE/App/usbd_desc.c ****   if (deviceserial0 != 0)
 179              		.loc 1 304 0
 180 000e C018     		adds	r0, r0, r3
 181              	.LVL12:
 182 0010 00D1     		bne	.L20
 183              	.LVL13:
 184              	.L17:
 185 0012 38BD     		pop	{r3, r4, r5, pc}
 186              	.LVL14:
 187              	.L20:
 306:USB_DEVICE/App/usbd_desc.c ****     IntToUnicode(deviceserial0, &USBD_StringSerial[2], 8);
 188              		.loc 1 306 0
 189 0014 064D     		ldr	r5, .L21+4
 190 0016 0822     		movs	r2, #8
 191 0018 A91C     		adds	r1, r5, #2
 192 001a FFF7FEFF 		bl	IntToUnicode
 193              	.LVL15:
 307:USB_DEVICE/App/usbd_desc.c ****     IntToUnicode(deviceserial1, &USBD_StringSerial[18], 4);
 194              		.loc 1 307 0
 195 001e 0422     		movs	r2, #4
 196 0020 05F11201 		add	r1, r5, #18
 197 0024 2046     		mov	r0, r4
 198 0026 FFF7FEFF 		bl	IntToUnicode
 199              	.LVL16:
 309:USB_DEVICE/App/usbd_desc.c **** }
 200              		.loc 1 309 0
 201 002a F2E7     		b	.L17
 202              	.L22:
 203              		.align	2
 204              	.L21:
 205 002c 107AFF1F 		.word	536836624
 206 0030 00000000 		.word	.LANCHOR2
 207              		.cfi_endproc
 208              	.LFE139:
 210              		.section	.text.USBD_FS_SerialStrDescriptor,"ax",%progbits
 211              		.align	1
 212              		.global	USBD_FS_SerialStrDescriptor
 213              		.syntax unified
 214              		.thumb
 215              		.thumb_func
 216              		.fpu fpv4-sp-d16
 218              	USBD_FS_SerialStrDescriptor:
 219              	.LFB136:
 238:USB_DEVICE/App/usbd_desc.c **** {
 220              		.loc 1 238 0
 221              		.cfi_startproc
 222              		@ args = 0, pretend = 0, frame = 0
 223              		@ frame_needed = 0, uses_anonymous_args = 0
 224              	.LVL17:
 225 0000 08B5     		push	{r3, lr}
 226              	.LCFI3:
 227              		.cfi_def_cfa_offset 8
 228              		.cfi_offset 3, -8
 229              		.cfi_offset 14, -4
ARM GAS  /tmp/ccltIDfb.s 			page 11


 240:USB_DEVICE/App/usbd_desc.c ****   *length = USB_SIZ_STRING_SERIAL;
 230              		.loc 1 240 0
 231 0002 1A23     		movs	r3, #26
 232 0004 0B80     		strh	r3, [r1]	@ movhi
 244:USB_DEVICE/App/usbd_desc.c ****   Get_SerialNum();
 233              		.loc 1 244 0
 234 0006 FFF7FEFF 		bl	Get_SerialNum
 235              	.LVL18:
 249:USB_DEVICE/App/usbd_desc.c **** }
 236              		.loc 1 249 0
 237 000a 0148     		ldr	r0, .L25
 238 000c 08BD     		pop	{r3, pc}
 239              	.L26:
 240 000e 00BF     		.align	2
 241              	.L25:
 242 0010 00000000 		.word	.LANCHOR2
 243              		.cfi_endproc
 244              	.LFE136:
 246              		.section	.text.USBD_FS_ProductStrDescriptor,"ax",%progbits
 247              		.align	1
 248              		.global	USBD_FS_ProductStrDescriptor
 249              		.syntax unified
 250              		.thumb
 251              		.thumb_func
 252              		.fpu fpv4-sp-d16
 254              	USBD_FS_ProductStrDescriptor:
 255              	.LFB134:
 206:USB_DEVICE/App/usbd_desc.c **** {
 256              		.loc 1 206 0
 257              		.cfi_startproc
 258              		@ args = 0, pretend = 0, frame = 0
 259              		@ frame_needed = 0, uses_anonymous_args = 0
 260              	.LVL19:
 261 0000 08B5     		push	{r3, lr}
 262              	.LCFI4:
 263              		.cfi_def_cfa_offset 8
 264              		.cfi_offset 3, -8
 265              		.cfi_offset 14, -4
 266 0002 0A46     		mov	r2, r1
 207:USB_DEVICE/App/usbd_desc.c ****   if(speed == 0)
 267              		.loc 1 207 0
 268 0004 28B1     		cbz	r0, .L31
 213:USB_DEVICE/App/usbd_desc.c ****     USBD_GetString((uint8_t *)USBD_PRODUCT_STRING_FS, USBD_StrDesc, length);
 269              		.loc 1 213 0
 270 0006 0549     		ldr	r1, .L32
 271              	.LVL20:
 272 0008 0548     		ldr	r0, .L32+4
 273              	.LVL21:
 274 000a FFF7FEFF 		bl	USBD_GetString
 275              	.LVL22:
 276              	.L29:
 216:USB_DEVICE/App/usbd_desc.c **** }
 277              		.loc 1 216 0
 278 000e 0348     		ldr	r0, .L32
 279 0010 08BD     		pop	{r3, pc}
 280              	.LVL23:
 281              	.L31:
ARM GAS  /tmp/ccltIDfb.s 			page 12


 209:USB_DEVICE/App/usbd_desc.c ****     USBD_GetString((uint8_t *)USBD_PRODUCT_STRING_FS, USBD_StrDesc, length);
 282              		.loc 1 209 0
 283 0012 0249     		ldr	r1, .L32
 284              	.LVL24:
 285 0014 0248     		ldr	r0, .L32+4
 286              	.LVL25:
 287 0016 FFF7FEFF 		bl	USBD_GetString
 288              	.LVL26:
 289 001a F8E7     		b	.L29
 290              	.L33:
 291              		.align	2
 292              	.L32:
 293 001c 00000000 		.word	USBD_StrDesc
 294 0020 00000000 		.word	.LC0
 295              		.cfi_endproc
 296              	.LFE134:
 298              		.section	.text.USBD_FS_ManufacturerStrDescriptor,"ax",%progbits
 299              		.align	1
 300              		.global	USBD_FS_ManufacturerStrDescriptor
 301              		.syntax unified
 302              		.thumb
 303              		.thumb_func
 304              		.fpu fpv4-sp-d16
 306              	USBD_FS_ManufacturerStrDescriptor:
 307              	.LFB135:
 225:USB_DEVICE/App/usbd_desc.c **** {
 308              		.loc 1 225 0
 309              		.cfi_startproc
 310              		@ args = 0, pretend = 0, frame = 0
 311              		@ frame_needed = 0, uses_anonymous_args = 0
 312              	.LVL27:
 313 0000 10B5     		push	{r4, lr}
 314              	.LCFI5:
 315              		.cfi_def_cfa_offset 8
 316              		.cfi_offset 4, -8
 317              		.cfi_offset 14, -4
 227:USB_DEVICE/App/usbd_desc.c ****   USBD_GetString((uint8_t *)USBD_MANUFACTURER_STRING, USBD_StrDesc, length);
 318              		.loc 1 227 0
 319 0002 044C     		ldr	r4, .L36
 320 0004 0A46     		mov	r2, r1
 321 0006 2146     		mov	r1, r4
 322              	.LVL28:
 323 0008 0348     		ldr	r0, .L36+4
 324              	.LVL29:
 325 000a FFF7FEFF 		bl	USBD_GetString
 326              	.LVL30:
 229:USB_DEVICE/App/usbd_desc.c **** }
 327              		.loc 1 229 0
 328 000e 2046     		mov	r0, r4
 329 0010 10BD     		pop	{r4, pc}
 330              	.L37:
 331 0012 00BF     		.align	2
 332              	.L36:
 333 0014 00000000 		.word	USBD_StrDesc
 334 0018 00000000 		.word	.LC1
 335              		.cfi_endproc
 336              	.LFE135:
ARM GAS  /tmp/ccltIDfb.s 			page 13


 338              		.section	.text.USBD_FS_ConfigStrDescriptor,"ax",%progbits
 339              		.align	1
 340              		.global	USBD_FS_ConfigStrDescriptor
 341              		.syntax unified
 342              		.thumb
 343              		.thumb_func
 344              		.fpu fpv4-sp-d16
 346              	USBD_FS_ConfigStrDescriptor:
 347              	.LFB137:
 258:USB_DEVICE/App/usbd_desc.c **** {
 348              		.loc 1 258 0
 349              		.cfi_startproc
 350              		@ args = 0, pretend = 0, frame = 0
 351              		@ frame_needed = 0, uses_anonymous_args = 0
 352              	.LVL31:
 353 0000 08B5     		push	{r3, lr}
 354              	.LCFI6:
 355              		.cfi_def_cfa_offset 8
 356              		.cfi_offset 3, -8
 357              		.cfi_offset 14, -4
 358 0002 0A46     		mov	r2, r1
 259:USB_DEVICE/App/usbd_desc.c ****   if(speed == USBD_SPEED_HIGH)
 359              		.loc 1 259 0
 360 0004 28B1     		cbz	r0, .L42
 265:USB_DEVICE/App/usbd_desc.c ****     USBD_GetString((uint8_t *)USBD_CONFIGURATION_STRING_FS, USBD_StrDesc, length);
 361              		.loc 1 265 0
 362 0006 0549     		ldr	r1, .L43
 363              	.LVL32:
 364 0008 0548     		ldr	r0, .L43+4
 365              	.LVL33:
 366 000a FFF7FEFF 		bl	USBD_GetString
 367              	.LVL34:
 368              	.L40:
 268:USB_DEVICE/App/usbd_desc.c **** }
 369              		.loc 1 268 0
 370 000e 0348     		ldr	r0, .L43
 371 0010 08BD     		pop	{r3, pc}
 372              	.LVL35:
 373              	.L42:
 261:USB_DEVICE/App/usbd_desc.c ****     USBD_GetString((uint8_t *)USBD_CONFIGURATION_STRING_FS, USBD_StrDesc, length);
 374              		.loc 1 261 0
 375 0012 0249     		ldr	r1, .L43
 376              	.LVL36:
 377 0014 0248     		ldr	r0, .L43+4
 378              	.LVL37:
 379 0016 FFF7FEFF 		bl	USBD_GetString
 380              	.LVL38:
 381 001a F8E7     		b	.L40
 382              	.L44:
 383              		.align	2
 384              	.L43:
 385 001c 00000000 		.word	USBD_StrDesc
 386 0020 00000000 		.word	.LC2
 387              		.cfi_endproc
 388              	.LFE137:
 390              		.section	.text.USBD_FS_InterfaceStrDescriptor,"ax",%progbits
 391              		.align	1
ARM GAS  /tmp/ccltIDfb.s 			page 14


 392              		.global	USBD_FS_InterfaceStrDescriptor
 393              		.syntax unified
 394              		.thumb
 395              		.thumb_func
 396              		.fpu fpv4-sp-d16
 398              	USBD_FS_InterfaceStrDescriptor:
 399              	.LFB138:
 277:USB_DEVICE/App/usbd_desc.c **** {
 400              		.loc 1 277 0
 401              		.cfi_startproc
 402              		@ args = 0, pretend = 0, frame = 0
 403              		@ frame_needed = 0, uses_anonymous_args = 0
 404              	.LVL39:
 405 0000 08B5     		push	{r3, lr}
 406              	.LCFI7:
 407              		.cfi_def_cfa_offset 8
 408              		.cfi_offset 3, -8
 409              		.cfi_offset 14, -4
 410 0002 0A46     		mov	r2, r1
 278:USB_DEVICE/App/usbd_desc.c ****   if(speed == 0)
 411              		.loc 1 278 0
 412 0004 28B1     		cbz	r0, .L49
 284:USB_DEVICE/App/usbd_desc.c ****     USBD_GetString((uint8_t *)USBD_INTERFACE_STRING_FS, USBD_StrDesc, length);
 413              		.loc 1 284 0
 414 0006 0549     		ldr	r1, .L50
 415              	.LVL40:
 416 0008 0548     		ldr	r0, .L50+4
 417              	.LVL41:
 418 000a FFF7FEFF 		bl	USBD_GetString
 419              	.LVL42:
 420              	.L47:
 287:USB_DEVICE/App/usbd_desc.c **** }
 421              		.loc 1 287 0
 422 000e 0348     		ldr	r0, .L50
 423 0010 08BD     		pop	{r3, pc}
 424              	.LVL43:
 425              	.L49:
 280:USB_DEVICE/App/usbd_desc.c ****     USBD_GetString((uint8_t *)USBD_INTERFACE_STRING_FS, USBD_StrDesc, length);
 426              		.loc 1 280 0
 427 0012 0249     		ldr	r1, .L50
 428              	.LVL44:
 429 0014 0248     		ldr	r0, .L50+4
 430              	.LVL45:
 431 0016 FFF7FEFF 		bl	USBD_GetString
 432              	.LVL46:
 433 001a F8E7     		b	.L47
 434              	.L51:
 435              		.align	2
 436              	.L50:
 437 001c 00000000 		.word	USBD_StrDesc
 438 0020 00000000 		.word	.LC3
 439              		.cfi_endproc
 440              	.LFE138:
 442              		.global	USBD_StringSerial
 443              		.comm	USBD_StrDesc,512,4
 444              		.global	USBD_LangIDDesc
 445              		.global	USBD_FS_DeviceDesc
ARM GAS  /tmp/ccltIDfb.s 			page 15


 446              		.global	FS_Desc
 447              		.section	.data.FS_Desc,"aw",%progbits
 448              		.align	2
 451              	FS_Desc:
 452 0000 00000000 		.word	USBD_FS_DeviceDescriptor
 453 0004 00000000 		.word	USBD_FS_LangIDStrDescriptor
 454 0008 00000000 		.word	USBD_FS_ManufacturerStrDescriptor
 455 000c 00000000 		.word	USBD_FS_ProductStrDescriptor
 456 0010 00000000 		.word	USBD_FS_SerialStrDescriptor
 457 0014 00000000 		.word	USBD_FS_ConfigStrDescriptor
 458 0018 00000000 		.word	USBD_FS_InterfaceStrDescriptor
 459              		.section	.data.USBD_FS_DeviceDesc,"aw",%progbits
 460              		.align	2
 461              		.set	.LANCHOR0,. + 0
 464              	USBD_FS_DeviceDesc:
 465 0000 12       		.byte	18
 466 0001 01       		.byte	1
 467 0002 00       		.byte	0
 468 0003 02       		.byte	2
 469 0004 02       		.byte	2
 470 0005 02       		.byte	2
 471 0006 00       		.byte	0
 472 0007 40       		.byte	64
 473 0008 83       		.byte	-125
 474 0009 04       		.byte	4
 475 000a 40       		.byte	64
 476 000b 57       		.byte	87
 477 000c 00       		.byte	0
 478 000d 02       		.byte	2
 479 000e 01       		.byte	1
 480 000f 02       		.byte	2
 481 0010 03       		.byte	3
 482 0011 01       		.byte	1
 483              		.section	.data.USBD_LangIDDesc,"aw",%progbits
 484              		.align	2
 485              		.set	.LANCHOR1,. + 0
 488              	USBD_LangIDDesc:
 489 0000 04       		.byte	4
 490 0001 03       		.byte	3
 491 0002 09       		.byte	9
 492 0003 04       		.byte	4
 493              		.section	.data.USBD_StringSerial,"aw",%progbits
 494              		.align	2
 495              		.set	.LANCHOR2,. + 0
 498              	USBD_StringSerial:
 499 0000 1A       		.byte	26
 500 0001 03       		.byte	3
 501 0002 00000000 		.space	24
 501      00000000 
 501      00000000 
 501      00000000 
 501      00000000 
 502              		.section	.rodata.USBD_FS_ConfigStrDescriptor.str1.4,"aMS",%progbits,1
 503              		.align	2
 504              	.LC2:
 505 0000 43444320 		.ascii	"CDC Config\000"
 505      436F6E66 
ARM GAS  /tmp/ccltIDfb.s 			page 16


 505      696700
 506              		.section	.rodata.USBD_FS_InterfaceStrDescriptor.str1.4,"aMS",%progbits,1
 507              		.align	2
 508              	.LC3:
 509 0000 43444320 		.ascii	"CDC Interface\000"
 509      496E7465 
 509      72666163 
 509      6500
 510              		.section	.rodata.USBD_FS_ManufacturerStrDescriptor.str1.4,"aMS",%progbits,1
 511              		.align	2
 512              	.LC1:
 513 0000 53544D69 		.ascii	"STMicroelectronics\000"
 513      63726F65 
 513      6C656374 
 513      726F6E69 
 513      637300
 514              		.section	.rodata.USBD_FS_ProductStrDescriptor.str1.4,"aMS",%progbits,1
 515              		.align	2
 516              	.LC0:
 517 0000 53544D33 		.ascii	"STM32 Virtual ComPort\000"
 517      32205669 
 517      72747561 
 517      6C20436F 
 517      6D506F72 
 518              		.text
 519              	.Letext0:
 520              		.file 2 "/usr/include/newlib/machine/_default_types.h"
 521              		.file 3 "/usr/include/newlib/sys/lock.h"
 522              		.file 4 "/usr/include/newlib/sys/_types.h"
 523              		.file 5 "/usr/lib/gcc/arm-none-eabi/6.3.1/include/stddef.h"
 524              		.file 6 "/usr/include/newlib/sys/reent.h"
 525              		.file 7 "/usr/include/newlib/sys/_stdint.h"
 526              		.file 8 "/usr/include/newlib/stdlib.h"
 527              		.file 9 "Drivers/CMSIS/Include/core_cm4.h"
 528              		.file 10 "Drivers/CMSIS/Device/ST/STM32F4xx/Include/system_stm32f4xx.h"
 529              		.file 11 "Drivers/STM32F4xx_HAL_Driver/Inc/stm32f4xx_hal.h"
 530              		.file 12 "Middlewares/ST/STM32_USB_Device_Library/Core/Inc/usbd_def.h"
 531              		.file 13 "USB_DEVICE/App/usbd_desc.h"
 532              		.file 14 "Middlewares/ST/STM32_USB_Device_Library/Core/Inc/usbd_ctlreq.h"
ARM GAS  /tmp/ccltIDfb.s 			page 17


DEFINED SYMBOLS
                            *ABS*:0000000000000000 usbd_desc.c
     /tmp/ccltIDfb.s:18     .text.USBD_FS_DeviceDescriptor:0000000000000000 $t
     /tmp/ccltIDfb.s:25     .text.USBD_FS_DeviceDescriptor:0000000000000000 USBD_FS_DeviceDescriptor
     /tmp/ccltIDfb.s:44     .text.USBD_FS_DeviceDescriptor:0000000000000008 $d
     /tmp/ccltIDfb.s:49     .text.USBD_FS_LangIDStrDescriptor:0000000000000000 $t
     /tmp/ccltIDfb.s:56     .text.USBD_FS_LangIDStrDescriptor:0000000000000000 USBD_FS_LangIDStrDescriptor
     /tmp/ccltIDfb.s:74     .text.USBD_FS_LangIDStrDescriptor:0000000000000008 $d
     /tmp/ccltIDfb.s:79     .text.IntToUnicode:0000000000000000 $t
     /tmp/ccltIDfb.s:85     .text.IntToUnicode:0000000000000000 IntToUnicode
     /tmp/ccltIDfb.s:148    .text.Get_SerialNum:0000000000000000 $t
     /tmp/ccltIDfb.s:154    .text.Get_SerialNum:0000000000000000 Get_SerialNum
     /tmp/ccltIDfb.s:205    .text.Get_SerialNum:000000000000002c $d
     /tmp/ccltIDfb.s:211    .text.USBD_FS_SerialStrDescriptor:0000000000000000 $t
     /tmp/ccltIDfb.s:218    .text.USBD_FS_SerialStrDescriptor:0000000000000000 USBD_FS_SerialStrDescriptor
     /tmp/ccltIDfb.s:242    .text.USBD_FS_SerialStrDescriptor:0000000000000010 $d
     /tmp/ccltIDfb.s:247    .text.USBD_FS_ProductStrDescriptor:0000000000000000 $t
     /tmp/ccltIDfb.s:254    .text.USBD_FS_ProductStrDescriptor:0000000000000000 USBD_FS_ProductStrDescriptor
     /tmp/ccltIDfb.s:293    .text.USBD_FS_ProductStrDescriptor:000000000000001c $d
                            *COM*:0000000000000200 USBD_StrDesc
     /tmp/ccltIDfb.s:299    .text.USBD_FS_ManufacturerStrDescriptor:0000000000000000 $t
     /tmp/ccltIDfb.s:306    .text.USBD_FS_ManufacturerStrDescriptor:0000000000000000 USBD_FS_ManufacturerStrDescriptor
     /tmp/ccltIDfb.s:333    .text.USBD_FS_ManufacturerStrDescriptor:0000000000000014 $d
     /tmp/ccltIDfb.s:339    .text.USBD_FS_ConfigStrDescriptor:0000000000000000 $t
     /tmp/ccltIDfb.s:346    .text.USBD_FS_ConfigStrDescriptor:0000000000000000 USBD_FS_ConfigStrDescriptor
     /tmp/ccltIDfb.s:385    .text.USBD_FS_ConfigStrDescriptor:000000000000001c $d
     /tmp/ccltIDfb.s:391    .text.USBD_FS_InterfaceStrDescriptor:0000000000000000 $t
     /tmp/ccltIDfb.s:398    .text.USBD_FS_InterfaceStrDescriptor:0000000000000000 USBD_FS_InterfaceStrDescriptor
     /tmp/ccltIDfb.s:437    .text.USBD_FS_InterfaceStrDescriptor:000000000000001c $d
     /tmp/ccltIDfb.s:498    .data.USBD_StringSerial:0000000000000000 USBD_StringSerial
     /tmp/ccltIDfb.s:488    .data.USBD_LangIDDesc:0000000000000000 USBD_LangIDDesc
     /tmp/ccltIDfb.s:464    .data.USBD_FS_DeviceDesc:0000000000000000 USBD_FS_DeviceDesc
     /tmp/ccltIDfb.s:451    .data.FS_Desc:0000000000000000 FS_Desc
     /tmp/ccltIDfb.s:448    .data.FS_Desc:0000000000000000 $d
     /tmp/ccltIDfb.s:460    .data.USBD_FS_DeviceDesc:0000000000000000 $d
     /tmp/ccltIDfb.s:484    .data.USBD_LangIDDesc:0000000000000000 $d
     /tmp/ccltIDfb.s:494    .data.USBD_StringSerial:0000000000000000 $d
     /tmp/ccltIDfb.s:503    .rodata.USBD_FS_ConfigStrDescriptor.str1.4:0000000000000000 $d
     /tmp/ccltIDfb.s:507    .rodata.USBD_FS_InterfaceStrDescriptor.str1.4:0000000000000000 $d
     /tmp/ccltIDfb.s:511    .rodata.USBD_FS_ManufacturerStrDescriptor.str1.4:0000000000000000 $d
     /tmp/ccltIDfb.s:515    .rodata.USBD_FS_ProductStrDescriptor.str1.4:0000000000000000 $d
                     .debug_frame:0000000000000010 $d

UNDEFINED SYMBOLS
USBD_GetString
